0 info it worked if it ends with ok
1 verbose cli [ 'C:\\Program Files\\nodejs\\node.exe',
1 verbose cli   'C:\\Program Files\\nodejs\\node_modules\\npm\\bin\\npm-cli.js',
1 verbose cli   'run',
1 verbose cli   'utest' ]
2 info using npm@3.6.0
3 info using node@v5.7.1
4 verbose run-script [ 'preutest', 'utest', 'postutest' ]
5 info lifecycle es6-webpack@1.0.0~preutest: es6-webpack@1.0.0
6 silly lifecycle es6-webpack@1.0.0~preutest: no script for preutest, continuing
7 info lifecycle es6-webpack@1.0.0~utest: es6-webpack@1.0.0
8 verbose lifecycle es6-webpack@1.0.0~utest: unsafe-perm in lifecycle true
9 verbose lifecycle es6-webpack@1.0.0~utest: PATH: C:\Program Files\nodejs\node_modules\npm\bin\node-gyp-bin;C:\08_workspace\learn-tests\node_modules\.bin;C:\03_Utils\cmder_mini\bin;C:\Program Files (x86)\Git\bin;C:\Program Files (x86)\Git\usr\bin;C:\Program Files (x86)\Git\usr\share\vim\vim74;C:\03_Utils\cmder_mini\vendor\conemu-maximus5;C:\03_Utils\cmder_mini\vendor\conemu-maximus5\ConEmu;C:\Python34\;C:\Python34\Scripts;C:\Program Files (x86)\ActiveState Komodo Edit 9\;C:\Program Files\Common Files\Microsoft Shared\Windows Live;C:\Program Files (x86)\Common Files\Microsoft Shared\Windows Live;C:\Windows\system32;C:\Windows;C:\Windows\System32\Wbem;C:\Windows\System32\WindowsPowerShell\v1.0\;C:\Program Files\Java\jdk1.7.0_79\bin;C:\Program Files\Java\jdk1.7.0_79\jre\bin;C:\predix\play-2.2.3;C:\Program Files\apache-maven-3.3.1\bin;C:\Program Files\MATLAB\R2009b\runtime\win64;C:\Program Files\MATLAB\R2009b\bin;C:\predix\activator-1.3.7-minimal;C:\Program Files (x86)\Git\bin;C:\Program Files\Perforce;C:\08_workspace\node;C:\Program Files (x86)\Windows Live\Shared;C:\Program Files\Mercurial;C:\Program Files\nodejs\;C:\Program Files\Code Collaborator Client;C:\Program Files\CloudFoundry;C:\Users\212328058\AppData\Roaming\npm;C:\Users\212328058\AppData\Local\atom\bin;C:\03_Utils\cmder_mini\
10 verbose lifecycle es6-webpack@1.0.0~utest: CWD: C:\08_workspace\learn-tests
11 silly lifecycle es6-webpack@1.0.0~utest: Args: [ '/d /s /c',
11 silly lifecycle   'webpack-dev-server  --host 0.0.0.0 --port 9090 --hot --inline --progress --colors' ]
12 silly lifecycle es6-webpack@1.0.0~utest: Returned: code: 1  signal: null
13 info lifecycle es6-webpack@1.0.0~utest: Failed to exec utest script
14 verbose stack Error: es6-webpack@1.0.0 utest: `webpack-dev-server  --host 0.0.0.0 --port 9090 --hot --inline --progress --colors`
14 verbose stack Exit status 1
14 verbose stack     at EventEmitter.<anonymous> (C:\Program Files\nodejs\node_modules\npm\lib\utils\lifecycle.js:232:16)
14 verbose stack     at emitTwo (events.js:100:13)
14 verbose stack     at EventEmitter.emit (events.js:185:7)
14 verbose stack     at ChildProcess.<anonymous> (C:\Program Files\nodejs\node_modules\npm\lib\utils\spawn.js:24:14)
14 verbose stack     at emitTwo (events.js:100:13)
14 verbose stack     at ChildProcess.emit (events.js:185:7)
14 verbose stack     at maybeClose (internal/child_process.js:827:16)
14 verbose stack     at Process.ChildProcess._handle.onexit (internal/child_process.js:211:5)
15 verbose pkgid es6-webpack@1.0.0
16 verbose cwd C:\08_workspace\learn-tests
17 error Windows_NT 6.1.7601
18 error argv "C:\\Program Files\\nodejs\\node.exe" "C:\\Program Files\\nodejs\\node_modules\\npm\\bin\\npm-cli.js" "run" "utest"
19 error node v5.7.1
20 error npm  v3.6.0
21 error code ELIFECYCLE
22 error es6-webpack@1.0.0 utest: `webpack-dev-server  --host 0.0.0.0 --port 9090 --hot --inline --progress --colors`
22 error Exit status 1
23 error Failed at the es6-webpack@1.0.0 utest script 'webpack-dev-server  --host 0.0.0.0 --port 9090 --hot --inline --progress --colors'.
23 error Make sure you have the latest version of node.js and npm installed.
23 error If you do, this is most likely a problem with the es6-webpack package,
23 error not with npm itself.
23 error Tell the author that this fails on your system:
23 error     webpack-dev-server  --host 0.0.0.0 --port 9090 --hot --inline --progress --colors
23 error You can get information on how to open an issue for this project with:
23 error     npm bugs es6-webpack
23 error Or if that isn't available, you can get their info via:
23 error     npm owner ls es6-webpack
23 error There is likely additional logging output above.
24 verbose exit [ 1, true ]
